<?xml version="1.0" encoding="UTF-8"?>
<Site BuildName="(empty)"
	BuildStamp="20230621-0355-Experimental"
	Name="selimon-Legion-5-15ARH7"
	Generator="ctest-3.16.3"
	CompilerName="/usr/bin/c++"
	CompilerVersion="9.4.0"
	OSName="Linux"
	Hostname="selimon-Legion-5-15ARH7"
	OSRelease="5.15.0-73-generic"
	OSVersion="#80~20.04.1-Ubuntu SMP Wed May 17 14:58:14 UTC 2023"
	OSPlatform="x86_64"
	Is64Bits="1"
	VendorString="AuthenticAMD"
	VendorID="Advanced Micro Devices"
	FamilyID="25"
	ModelID="68"
	ProcessorCacheSize="512"
	NumberOfLogicalCPU="12"
	NumberOfPhysicalCPU="6"
	TotalVirtualMemory="2047"
	TotalPhysicalMemory="7127"
	LogicalProcessorsPerPhysical="2"
	ProcessorClockFrequency="4444.93"
	>
	<Testing>
		<StartDateTime>Jun 21 16:03 AEST</StartDateTime>
		<StartTestTime>1687327394</StartTestTime>
		<TestList/>
		<EndDateTime>Jun 21 16:03 AEST</EndDateTime>
		<EndTestTime>1687327394</EndTestTime>
		<ElapsedMinutes>0</ElapsedMinutes>
	</Testing>
</Site>
