<?xml version="1.0" encoding="UTF-8"?>
<Site BuildName="(empty)"
	BuildStamp="20231017-0515-Experimental"
	Name="selimon-Legion-5-15ARH7"
	Generator="ctest-3.26.4"
	CompilerName="/usr/bin/c++"
	CompilerVersion="9.4.0"
	OSName="Linux"
	Hostname="selimon-Legion-5-15ARH7"
	OSRelease="5.15.0-86-generic"
	OSVersion="#96~20.04.1-Ubuntu SMP Thu Sep 21 13:23:37 UTC 2023"
	OSPlatform="x86_64"
	Is64Bits="1"
	VendorString="AuthenticAMD"
	VendorID="Advanced Micro Devices"
	FamilyID="25"
	ModelID="68"
	ProcessorCacheSize="512"
	NumberOfLogicalCPU="12"
	NumberOfPhysicalCPU="6"
	TotalVirtualMemory="2047"
	TotalPhysicalMemory="7115"
	LogicalProcessorsPerPhysical="2"
	ProcessorClockFrequency="4351.39"
	>
	<Testing>
		<StartDateTime>Oct 17 16:45 AEDT</StartDateTime>
		<StartTestTime>1697521503</StartTestTime>
		<TestList/>
		<EndDateTime>Oct 17 16:45 AEDT</EndDateTime>
		<EndTestTime>1697521503</EndTestTime>
		<ElapsedMinutes>0</ElapsedMinutes>
	</Testing>
</Site>
