<?xml version="1.0" encoding="UTF-8"?>
<Site BuildName="(empty)"
	BuildStamp="20230629-0532-Experimental"
	Name="selimon-Legion-5-15ARH7"
	Generator="ctest-3.16.3"
	CompilerName="/usr/bin/c++"
	CompilerVersion="9.4.0"
	OSName="Linux"
	Hostname="selimon-Legion-5-15ARH7"
	OSRelease="5.15.0-75-generic"
	OSVersion="#82~20.04.1-Ubuntu SMP Wed Jun 7 19:37:37 UTC 2023"
	OSPlatform="x86_64"
	Is64Bits="1"
	VendorString="AuthenticAMD"
	VendorID="Advanced Micro Devices"
	FamilyID="25"
	ModelID="68"
	ProcessorCacheSize="512"
	NumberOfLogicalCPU="12"
	NumberOfPhysicalCPU="6"
	TotalVirtualMemory="2047"
	TotalPhysicalMemory="7115"
	LogicalProcessorsPerPhysical="2"
	ProcessorClockFrequency="4371.54"
	>
	<Testing>
		<StartDateTime>Jun 29 22:39 AEST</StartDateTime>
		<StartTestTime>1688042385</StartTestTime>
		<TestList/>
		<EndDateTime>Jun 29 22:39 AEST</EndDateTime>
		<EndTestTime>1688042385</EndTestTime>
		<ElapsedMinutes>0</ElapsedMinutes>
	</Testing>
</Site>
